    6;0x00100000;0x00002023;mem[0x00000000]=0x00000000
    7;0x00100004;0x00002223;mem[0x00000004]=0x00000000
    8;0x00100008;0x00002423;mem[0x00000008]=0x00000000
    9;0x0010000c;0x00002623;mem[0x0000000c]=0x00000000
   10;0x00100010;0x00002823;mem[0x00000010]=0x00000000
   11;0x00100014;0x00002a23;mem[0x00000014]=0x00000000
   12;0x00100018;0x00002c23;mem[0x00000018]=0x00000000
   14;0x0010001c;0xdeadc0b7;x1=0xdeadc000
   15;0x00100020;0xeef08093;x1=0xdeadbeef
   17;0x00100024;0x00102023;mem[0x00000000]=0xdeadbeef
   18;0x00100028;0x00102223;mem[0x00000004]=0xdeadbeef
   20;0x0010002c;0x00002103;x2=0xdeadbeef
   21;0x00100030;0x00402183;x3=0xdeadbeef
   22;0x00100034;0x0ff00f93;x31=0x000000ff
   24;0x00100038;0x01f00223;mem[0x00000004]=0x000000ff
   26;0x0010003c;0x00402103;x2=0xdeadbeff
   27;0x00100040;0x0000efb7;x31=0x0000e000
   28;0x00100044;0xeadf8f93;x31=0x0000dead
   30;0x00100048;0x01f01423;mem[0x00000008]=0x0000dead
   32;0x0010004c;0x00805103;x2=0x0000dead
   32;0x00100050;0x01f01523;mem[0x0000000a]=0x0000dead
   34;0x00100054;0x00802103;x2=0xdeaddead
   35;0x00100058;0xcafecfb7;x31=0xcafec000
   36;0x0010005c;0xabef8f93;x31=0xcafebabe
   38;0x00100060;0x01f01623;mem[0x0000000c]=0x0000babe
   39;0x00100064;0x01f02723;mem[0x0000000e]=0xcafebabe

   42;0x00100068;0x00c02103;x2=0x00000000
   43;0x0010006c;0x01002103;x2=0x0000cafe
   44;0x00100070;0x00008067;x0=0x00000000
